[{"line":20,"elements":[{"start_timestamp":"2022-02-01T18:27:17.495Z","line":22,"name":"Clicking on Login buttton on homapage","description":"","id":"login-button-testing;clicking-on-login-buttton-on-homapage","type":"scenario","keyword":"Scenario","steps":[{"result":{"duration":3444338300,"status":"passed"},"line":23,"name":"User must be on homepage by clicking on url \"https://demoblaze.com/\"","match":{"arguments":[{"val":"\"https://demoblaze.com/\"","offset":44}],"location":"stepdefinition.Stepdeflogin.user_must_be_on_homepage_by_clicking_on_url(java.lang.String)"},"keyword":"Given "},{"result":{"duration":355057400,"status":"passed"},"line":24,"name":"User clicks on Login page","match":{"location":"stepdefinition.Stepdeflogin.user_clicks_on_login_page()"},"keyword":"When "},{"result":{"duration":5136333500,"status":"passed"},"line":25,"name":"Enter login username","match":{"location":"stepdefinition.Stepdeflogin.enter_login_username()"},"keyword":"And "},{"result":{"duration":5099313900,"status":"passed"},"line":26,"name":"Enter login Password","match":{"location":"stepdefinition.Stepdeflogin.enter_login_password()"},"keyword":"And "},{"result":{"duration":63330300,"status":"passed"},"line":27,"name":"Click on Login button","match":{"location":"stepdefinition.Stepdeflogin.click_on_login_button()"},"keyword":"And "},{"result":{"duration":5078459600,"status":"passed"},"line":28,"name":"User must be on welcome page","match":{"location":"stepdefinition.Stepdeflogin.user_must_be_on_welcome_page()"},"keyword":"Then "},{"result":{"duration":5103458500,"status":"passed"},"line":29,"name":"Click on laptop option","match":{"location":"stepdefinition.Stepdeflogin.click_on_laptop_option()"},"keyword":"And "},{"result":{"error_message":"org.openqa.selenium.NoSuchElementException: no such element: Unable to locate element: {\"method\":\"link text\",\"selector\":\"Add to cart\"}\n  (Session info: chrome=97.0.4692.99)\nFor documentation on this error, please visit: https://selenium.dev/exceptions/#no_such_element\nBuild info: version: '4.1.1', revision: 'e8fcc2cecf'\nSystem info: host: 'BETA', ip: '192.168.204.1', os.name: 'Windows 10', os.arch: 'amd64', os.version: '10.0', java.version: '17.0.1'\nDriver info: org.openqa.selenium.chrome.ChromeDriver\nCommand: [742b7af81ec8b8a8ba34c0ac356aee25, findElement {using=link text, value=Add to cart}]\nCapabilities {acceptInsecureCerts: false, browserName: chrome, browserVersion: 97.0.4692.99, chrome: {chromedriverVersion: 96.0.4664.45 (76e4c1bb2ab46..., userDataDir: C:\\Users\\jigur\\AppData\\Loca...}, goog:chromeOptions: {debuggerAddress: localhost:49659}, javascriptEnabled: true, networkConnectionEnabled: false, pageLoadStrategy: normal, platform: WINDOWS, platformName: WINDOWS, proxy: Proxy(), se:cdp: ws://localhost:49659/devtoo..., se:cdpVersion: 97.0.4692.99, setWindowRect: true, strictFileInteractability: false, timeouts: {implicit: 0, pageLoad: 300000, script: 30000}, unhandledPromptBehavior: dismiss and notify, webauthn:extension:credBlob: true, webauthn:extension:largeBlob: true, webauthn:virtualAuthenticators: true}\nSession ID: 742b7af81ec8b8a8ba34c0ac356aee25\r\n\tat java.base/jdk.internal.reflect.NativeConstructorAccessorImpl.newInstance0(Native Method)\r\n\tat java.base/jdk.internal.reflect.NativeConstructorAccessorImpl.newInstance(NativeConstructorAccessorImpl.java:77)\r\n\tat java.base/jdk.internal.reflect.DelegatingConstructorAccessorImpl.newInstance(DelegatingConstructorAccessorImpl.java:45)\r\n\tat java.base/java.lang.reflect.Constructor.newInstanceWithCaller(Constructor.java:499)\r\n\tat java.base/java.lang.reflect.Constructor.newInstance(Constructor.java:480)\r\n\tat org.openqa.selenium.remote.codec.w3c.W3CHttpResponseCodec.createException(W3CHttpResponseCodec.java:200)\r\n\tat org.openqa.selenium.remote.codec.w3c.W3CHttpResponseCodec.decode(W3CHttpResponseCodec.java:133)\r\n\tat org.openqa.selenium.remote.codec.w3c.W3CHttpResponseCodec.decode(W3CHttpResponseCodec.java:53)\r\n\tat org.openqa.selenium.remote.HttpCommandExecutor.execute(HttpCommandExecutor.java:184)\r\n\tat org.openqa.selenium.remote.service.DriverCommandExecutor.invokeExecute(DriverCommandExecutor.java:167)\r\n\tat org.openqa.selenium.remote.service.DriverCommandExecutor.execute(DriverCommandExecutor.java:142)\r\n\tat org.openqa.selenium.remote.RemoteWebDriver.execute(RemoteWebDriver.java:543)\r\n\tat org.openqa.selenium.remote.ElementLocation$ElementFinder$2.findElement(ElementLocation.java:162)\r\n\tat org.openqa.selenium.remote.ElementLocation.findElement(ElementLocation.java:60)\r\n\tat org.openqa.selenium.remote.RemoteWebDriver.findElement(RemoteWebDriver.java:367)\r\n\tat org.openqa.selenium.remote.RemoteWebDriver.findElement(RemoteWebDriver.java:359)\r\n\tat stepdefinition.Stepdeflogin.select_laptop(Stepdeflogin.java:60)\r\n\tat ✽.Select laptop(file:///C:/Users/jigur/eclipse/Cucumber/src/test/java/feaure/login.feature:30)\r\n","duration":5459591000,"status":"failed"},"line":30,"name":"Select laptop","match":{"location":"stepdefinition.Stepdeflogin.select_laptop()"},"keyword":"And "},{"result":{"status":"skipped"},"line":31,"name":"Click on addtocart","match":{"location":"stepdefinition.Stepdeflogin.click_on_addtocart()"},"keyword":"And "},{"result":{"status":"skipped"},"line":32,"name":"Click on cart and verify cart is filled with laptop","match":{"location":"stepdefinition.Stepdeflogin.click_on_cart_and_verify_cart_is_filled_with_laptop()"},"keyword":"And "}],"tags":[{"name":"@tag"}]}],"name":"Login button Testing","description":"","id":"login-button-testing","keyword":"Feature","uri":"file:src/test/java/feaure/login.feature","tags":[{"name":"@tag","type":"Tag","location":{"line":19,"column":1}}]},{"line":20,"elements":[{"start_timestamp":"2022-02-01T18:27:47.428Z","line":22,"name":"Clicking on signup button on homepage","description":"","id":"signup-button-testing;clicking-on-signup-button-on-homepage","type":"scenario","keyword":"Scenario","steps":[{"result":{"duration":1999590200,"status":"passed"},"line":23,"name":"User must be on home page by clicking on url \"https://demoblaze.com/\"","match":{"arguments":[{"val":"\"https://demoblaze.com/\"","offset":45}],"location":"stepdefinition.Stepdefsignup.user_must_be_on_home_page_by_clicking_on_url(java.lang.String)"},"keyword":"Given "},{"result":{"error_message":"org.openqa.selenium.NoSuchWindowException: no such window: target window already closed\nfrom unknown error: web view not found\n  (Session info: chrome=97.0.4692.99)\nBuild info: version: '4.1.1', revision: 'e8fcc2cecf'\nSystem info: host: 'BETA', ip: '192.168.204.1', os.name: 'Windows 10', os.arch: 'amd64', os.version: '10.0', java.version: '17.0.1'\nDriver info: org.openqa.selenium.chrome.ChromeDriver\nCommand: [9ac10e832967392a8ff2fef6ca029fa5, findElement {using=id, value=signin2}]\nCapabilities {acceptInsecureCerts: false, browserName: chrome, browserVersion: 97.0.4692.99, chrome: {chromedriverVersion: 96.0.4664.45 (76e4c1bb2ab46..., userDataDir: C:\\Users\\jigur\\AppData\\Loca...}, goog:chromeOptions: {debuggerAddress: localhost:49689}, javascriptEnabled: true, networkConnectionEnabled: false, pageLoadStrategy: normal, platform: WINDOWS, platformName: WINDOWS, proxy: Proxy(), se:cdp: ws://localhost:49689/devtoo..., se:cdpVersion: 97.0.4692.99, setWindowRect: true, strictFileInteractability: false, timeouts: {implicit: 0, pageLoad: 300000, script: 30000}, unhandledPromptBehavior: dismiss and notify, webauthn:extension:credBlob: true, webauthn:extension:largeBlob: true, webauthn:virtualAuthenticators: true}\nSession ID: 9ac10e832967392a8ff2fef6ca029fa5\r\n\tat java.base/jdk.internal.reflect.NativeConstructorAccessorImpl.newInstance0(Native Method)\r\n\tat java.base/jdk.internal.reflect.NativeConstructorAccessorImpl.newInstance(NativeConstructorAccessorImpl.java:77)\r\n\tat java.base/jdk.internal.reflect.DelegatingConstructorAccessorImpl.newInstance(DelegatingConstructorAccessorImpl.java:45)\r\n\tat java.base/java.lang.reflect.Constructor.newInstanceWithCaller(Constructor.java:499)\r\n\tat java.base/java.lang.reflect.Constructor.newInstance(Constructor.java:480)\r\n\tat org.openqa.selenium.remote.codec.w3c.W3CHttpResponseCodec.createException(W3CHttpResponseCodec.java:200)\r\n\tat org.openqa.selenium.remote.codec.w3c.W3CHttpResponseCodec.decode(W3CHttpResponseCodec.java:133)\r\n\tat org.openqa.selenium.remote.codec.w3c.W3CHttpResponseCodec.decode(W3CHttpResponseCodec.java:53)\r\n\tat org.openqa.selenium.remote.HttpCommandExecutor.execute(HttpCommandExecutor.java:184)\r\n\tat org.openqa.selenium.remote.service.DriverCommandExecutor.invokeExecute(DriverCommandExecutor.java:167)\r\n\tat org.openqa.selenium.remote.service.DriverCommandExecutor.execute(DriverCommandExecutor.java:142)\r\n\tat org.openqa.selenium.remote.RemoteWebDriver.execute(RemoteWebDriver.java:543)\r\n\tat org.openqa.selenium.remote.ElementLocation$ElementFinder$2.findElement(ElementLocation.java:162)\r\n\tat org.openqa.selenium.remote.ElementLocation.findElement(ElementLocation.java:66)\r\n\tat org.openqa.selenium.remote.RemoteWebDriver.findElement(RemoteWebDriver.java:367)\r\n\tat org.openqa.selenium.remote.RemoteWebDriver.findElement(RemoteWebDriver.java:359)\r\n\tat stepdefinition.Stepdefsignup.user_clicks_on_signup_button(Stepdefsignup.java:25)\r\n\tat ✽.user clicks on signup button(file:///C:/Users/jigur/eclipse/Cucumber/src/test/java/feaure/shoping.feature:24)\r\n","duration":82924900,"status":"failed"},"line":24,"name":"user clicks on signup button","match":{"location":"stepdefinition.Stepdefsignup.user_clicks_on_signup_button()"},"keyword":"When "},{"result":{"duration":540200,"status":"skipped"},"line":25,"name":"Enter username","match":{"location":"stepdefinition.Stepdefsignup.enter_username()"},"keyword":"And "},{"result":{"duration":1001700,"status":"skipped"},"line":26,"name":"Enter password","match":{"location":"stepdefinition.Stepdefsignup.enter_password()"},"keyword":"And "},{"result":{"status":"skipped"},"line":27,"name":"Click on Signup button","match":{"location":"stepdefinition.Stepdefsignup.click_on_signup_button()"},"keyword":"And "},{"result":{"status":"skipped"},"line":28,"name":"Click on alert","match":{"location":"stepdefinition.Stepdefsignup.click_on_alert()"},"keyword":"Then "}],"tags":[{"name":"@tag"}]}],"name":"Signup button testing","description":"","id":"signup-button-testing","keyword":"Feature","uri":"file:src/test/java/feaure/shoping.feature","tags":[{"name":"@tag","type":"Tag","location":{"line":19,"column":1}}]}]